<?xml version="1.0" encoding="UTF-8"?>
<!-- Generated by org.testng.reporters.JUnitReportReporter -->
<testsuite skipped="0" hostname="shreyasaxena" name="tests.BusSeatTest" tests="3" failures="0" timestamp="05 Jul 2021 15:10:47 GMT" time="54.540" errors="0">
  <testcase name="ClickOnViewSeat" time="15.324" classname="tests.BusSeatTest"/>
  <testcase name="ClickOnHideSeat" time="18.156" classname="tests.BusSeatTest"/>
  <testcase name="CheckUIforSeatSelection" time="21.060" classname="tests.BusSeatTest"/>
</testsuite> <!-- tests.BusSeatTest -->
