<?xml version="1.0" encoding="UTF-8"?>
<!-- Generated by org.testng.reporters.JUnitReportReporter -->
<testsuite skipped="0" hostname="shreyasaxena" name="tests.NavbarTest" tests="5" failures="0" timestamp="05 Jul 2021 15:10:47 GMT" time="38.481" errors="0">
  <testcase name="ClickOnBusTickets" time="6.427" classname="tests.NavbarTest"/>
  <testcase name="ClickOnLogo" time="6.595" classname="tests.NavbarTest"/>
  <testcase name="clickOnCancelTicket" time="10.886" classname="tests.NavbarTest"/>
  <testcase name="ClickOnRPool" time="8.634" classname="tests.NavbarTest"/>
  <testcase name="ClickOnBusHire" time="5.939" classname="tests.NavbarTest"/>
</testsuite> <!-- tests.NavbarTest -->
