<?xml version="1.0" encoding="UTF-8"?>
<!-- Generated by org.testng.reporters.JUnitReportReporter -->
<testsuite skipped="0" hostname="shreyasaxena" name="tests.SearchTest" tests="7" failures="0" timestamp="05 Jul 2021 15:10:47 GMT" time="94.355" errors="0">
  <testcase name="SearchModifyByDate" time="12.075" classname="tests.SearchTest"/>
  <testcase name="SearchBusses" time="11.581" classname="tests.SearchTest"/>
  <testcase name="SearchBusseswithInvalidSourceLocation" time="10.277" classname="tests.SearchTest"/>
  <testcase name="SearchBusseswithInvalidDate" time="10.147" classname="tests.SearchTest"/>
  <testcase name="SearchModifyBySwipingLocation" time="18.946" classname="tests.SearchTest"/>
  <testcase name="SearchBusseswithInvalidDestination" time="12.232" classname="tests.SearchTest"/>
  <testcase name="SearchModifyByLocation" time="19.097" classname="tests.SearchTest"/>
</testsuite> <!-- tests.SearchTest -->
