<?xml version="1.0" encoding="UTF-8"?>
<!-- Generated by org.testng.reporters.JUnitReportReporter -->
<testsuite skipped="0" hostname="shreyasaxena" name="tests.RebBusCareTest" tests="5" failures="0" timestamp="05 Jul 2021 15:10:47 GMT" time="35.634" errors="0">
  <testcase name="clickOn200Amount" time="10.661" classname="tests.RebBusCareTest"/>
  <testcase name="ClickOnRedbusCare" time="7.398" classname="tests.RebBusCareTest"/>
  <testcase name="ClickOnDonateAnonymously" time="4.666" classname="tests.RebBusCareTest"/>
  <testcase name="ClickOnDonateInvalid" time="6.038" classname="tests.RebBusCareTest"/>
  <testcase name="DonateAmount" time="6.871" classname="tests.RebBusCareTest"/>
</testsuite> <!-- tests.RebBusCareTest -->
